<?xml version="1.0" encoding="UTF-8"?>
<beans xmlns="http://www.springframework.org/schema/beans"
	xmlns:xsi="http://www.w3.org/2001/XMLSchema-instance"
	xmlns:aop="http://www.springframework.org/schema/aop"
	xmlns:tx="http://www.springframework.org/schema/tx"
	xmlns:context="http://www.springframework.org/schema/context"
	xsi:schemaLocation="http://www.springframework.org/schema/beans http://www.springframework.org/schema/beans/spring-beans-2.5.xsd
           http://www.springframework.org/schema/aop http://www.springframework.org/schema/aop/spring-aop-2.0.xsd
           http://www.springframework.org/schema/tx http://www.springframework.org/schema/tx/spring-tx-2.0.xsd
           http://www.springframework.org/schema/context http://www.springframework.org/schema/context/spring-context-2.5.xsd"
            default-autowire="byName">


	<bean id="userConfig" class="org.springframework.beans.factory.config.PropertiesFactoryBean">
		<property name="location">
			<value>classpath:configs/user-config.properties</value>
		</property>
		<qualifier value="userConfig"/>
	</bean>
	
	<bean id="userPhotoFileType" class="org.springframework.beans.factory.config.PropertiesFactoryBean">
		<property name="properties">
			<props>
				<prop key="image/jpeg">jpg</prop>
				<prop key="image/pjpeg">jpg</prop>
				<prop key="image/gif">gif</prop>
				<prop key="image/png">png</prop>
			</props>
		</property>
		<qualifier value="userPhotoFileType"/>
	</bean>
</beans>




